{"/home/mamithi/Projects/NodeJs/vidly/index.js": {"path":"/home/mamithi/Projects/NodeJs/vidly/index.js","statementMap":{"0":{"start":{"line":1,"column":16},"end":{"line":1,"column":34}},"1":{"start":{"line":2,"column":12},"end":{"line":2,"column":21}},"2":{"start":{"line":3,"column":16},"end":{"line":3,"column":34}},"3":{"start":{"line":6,"column":0},"end":{"line":6,"column":31}},"4":{"start":{"line":7,"column":0},"end":{"line":7,"column":33}},"5":{"start":{"line":8,"column":0},"end":{"line":8,"column":26}},"6":{"start":{"line":9,"column":0},"end":{"line":9,"column":30}},"7":{"start":{"line":10,"column":0},"end":{"line":10,"column":34}},"8":{"start":{"line":11,"column":0},"end":{"line":11,"column":31}},"9":{"start":{"line":13,"column":13},"end":{"line":13,"column":37}},"10":{"start":{"line":14,"column":15},"end":{"line":14,"column":83}},"11":{"start":{"line":14,"column":38},"end":{"line":14,"column":82}},"12":{"start":{"line":16,"column":0},"end":{"line":16,"column":24}}},"fnMap":{"0":{"name":"(anonymous_0)","decl":{"start":{"line":14,"column":32},"end":{"line":14,"column":33}},"loc":{"start":{"line":14,"column":38},"end":{"line":14,"column":82}},"line":14}},"branchMap":{"0":{"loc":{"start":{"line":13,"column":13},"end":{"line":13,"column":37}},"type":"binary-expr","locations":[{"start":{"line":13,"column":13},"end":{"line":13,"column":29}},{"start":{"line":13,"column":33},"end":{"line":13,"column":37}}],"line":13}},"s":{"0":3,"1":3,"2":3,"3":3,"4":3,"5":3,"6":3,"7":3,"8":3,"9":3,"10":3,"11":3,"12":3},"f":{"0":3},"b":{"0":[3,3]},"_coverageSchema":"332fd63041d2c1bcb487cc26dd0d5f7d97098a6c","hash":"6cac17f10d53b3b8997a4692cc20e5e29cc4dcbb"}
,"/home/mamithi/Projects/NodeJs/vidly/middleware/admin.js": {"path":"/home/mamithi/Projects/NodeJs/vidly/middleware/admin.js","statementMap":{"0":{"start":{"line":1,"column":0},"end":{"line":6,"column":1}},"1":{"start":{"line":2,"column":4},"end":{"line":4,"column":5}},"2":{"start":{"line":3,"column":8},"end":{"line":3,"column":53}},"3":{"start":{"line":5,"column":4},"end":{"line":5,"column":11}}},"fnMap":{"0":{"name":"(anonymous_0)","decl":{"start":{"line":1,"column":17},"end":{"line":1,"column":18}},"loc":{"start":{"line":1,"column":42},"end":{"line":6,"column":1}},"line":1}},"branchMap":{"0":{"loc":{"start":{"line":2,"column":4},"end":{"line":4,"column":5}},"type":"if","locations":[{"start":{"line":2,"column":4},"end":{"line":4,"column":5}},{"start":{"line":2,"column":4},"end":{"line":4,"column":5}}],"line":2}},"s":{"0":3,"1":5,"2":1,"3":4},"f":{"0":5},"b":{"0":[1,4]},"_coverageSchema":"332fd63041d2c1bcb487cc26dd0d5f7d97098a6c","hash":"e044b30c81264799a96787246ab796967779c85c"}
,"/home/mamithi/Projects/NodeJs/vidly/middleware/auth.js": {"path":"/home/mamithi/Projects/NodeJs/vidly/middleware/auth.js","statementMap":{"0":{"start":{"line":1,"column":12},"end":{"line":1,"column":35}},"1":{"start":{"line":2,"column":15},"end":{"line":2,"column":32}},"2":{"start":{"line":4,"column":0},"end":{"line":18,"column":1}},"3":{"start":{"line":5,"column":18},"end":{"line":5,"column":44}},"4":{"start":{"line":6,"column":4},"end":{"line":8,"column":5}},"5":{"start":{"line":7,"column":8},"end":{"line":7,"column":72}},"6":{"start":{"line":10,"column":4},"end":{"line":16,"column":5}},"7":{"start":{"line":11,"column":24},"end":{"line":11,"column":70}},"8":{"start":{"line":12,"column":8},"end":{"line":12,"column":27}},"9":{"start":{"line":13,"column":8},"end":{"line":13,"column":15}},"10":{"start":{"line":15,"column":8},"end":{"line":15,"column":47}}},"fnMap":{"0":{"name":"(anonymous_0)","decl":{"start":{"line":4,"column":17},"end":{"line":4,"column":18}},"loc":{"start":{"line":4,"column":42},"end":{"line":18,"column":1}},"line":4}},"branchMap":{"0":{"loc":{"start":{"line":6,"column":4},"end":{"line":8,"column":5}},"type":"if","locations":[{"start":{"line":6,"column":4},"end":{"line":8,"column":5}},{"start":{"line":6,"column":4},"end":{"line":8,"column":5}}],"line":6}},"s":{"0":4,"1":4,"2":4,"3":31,"4":31,"5":5,"6":26,"7":26,"8":25,"9":25,"10":1},"f":{"0":31},"b":{"0":[5,26]},"_coverageSchema":"332fd63041d2c1bcb487cc26dd0d5f7d97098a6c","hash":"3f4385ade002212f5dfe29494aa69262b2afd35a"}
,"/home/mamithi/Projects/NodeJs/vidly/middleware/error.js": {"path":"/home/mamithi/Projects/NodeJs/vidly/middleware/error.js","statementMap":{"0":{"start":{"line":1,"column":16},"end":{"line":1,"column":34}},"1":{"start":{"line":3,"column":0},"end":{"line":6,"column":1}},"2":{"start":{"line":4,"column":4},"end":{"line":4,"column":35}},"3":{"start":{"line":5,"column":4},"end":{"line":5,"column":46}}},"fnMap":{"0":{"name":"(anonymous_0)","decl":{"start":{"line":3,"column":17},"end":{"line":3,"column":18}},"loc":{"start":{"line":3,"column":46},"end":{"line":6,"column":1}},"line":3}},"branchMap":{},"s":{"0":3,"1":3,"2":0,"3":0},"f":{"0":0},"b":{},"_coverageSchema":"332fd63041d2c1bcb487cc26dd0d5f7d97098a6c","hash":"b7487f3e54699edfd5c6216f288b310ad1b382db"}
,"/home/mamithi/Projects/NodeJs/vidly/middleware/validate.js": {"path":"/home/mamithi/Projects/NodeJs/vidly/middleware/validate.js","statementMap":{"0":{"start":{"line":1,"column":0},"end":{"line":9,"column":1}},"1":{"start":{"line":2,"column":4},"end":{"line":8,"column":5}},"2":{"start":{"line":3,"column":25},"end":{"line":3,"column":44}},"3":{"start":{"line":4,"column":8},"end":{"line":6,"column":9}},"4":{"start":{"line":5,"column":12},"end":{"line":5,"column":66}},"5":{"start":{"line":7,"column":8},"end":{"line":7,"column":15}}},"fnMap":{"0":{"name":"(anonymous_0)","decl":{"start":{"line":1,"column":17},"end":{"line":1,"column":18}},"loc":{"start":{"line":1,"column":32},"end":{"line":9,"column":1}},"line":1},"1":{"name":"(anonymous_1)","decl":{"start":{"line":2,"column":11},"end":{"line":2,"column":12}},"loc":{"start":{"line":2,"column":31},"end":{"line":8,"column":5}},"line":2}},"branchMap":{"0":{"loc":{"start":{"line":4,"column":8},"end":{"line":6,"column":9}},"type":"if","locations":[{"start":{"line":4,"column":8},"end":{"line":6,"column":9}},{"start":{"line":4,"column":8},"end":{"line":6,"column":9}}],"line":4}},"s":{"0":3,"1":3,"2":9,"3":9,"4":2,"5":7},"f":{"0":3,"1":9},"b":{"0":[2,7]},"_coverageSchema":"332fd63041d2c1bcb487cc26dd0d5f7d97098a6c","hash":"a57ccbe976d18c44e63ba39df253f46ba4cdcd19"}
,"/home/mamithi/Projects/NodeJs/vidly/middleware/validateObjectId.js": {"path":"/home/mamithi/Projects/NodeJs/vidly/middleware/validateObjectId.js","statementMap":{"0":{"start":{"line":1,"column":17},"end":{"line":1,"column":36}},"1":{"start":{"line":3,"column":0},"end":{"line":9,"column":1}},"2":{"start":{"line":4,"column":4},"end":{"line":6,"column":5}},"3":{"start":{"line":5,"column":8},"end":{"line":5,"column":51}},"4":{"start":{"line":8,"column":4},"end":{"line":8,"column":11}}},"fnMap":{"0":{"name":"(anonymous_0)","decl":{"start":{"line":3,"column":17},"end":{"line":3,"column":18}},"loc":{"start":{"line":3,"column":41},"end":{"line":9,"column":1}},"line":3}},"branchMap":{"0":{"loc":{"start":{"line":4,"column":4},"end":{"line":6,"column":5}},"type":"if","locations":[{"start":{"line":4,"column":4},"end":{"line":6,"column":5}},{"start":{"line":4,"column":4},"end":{"line":6,"column":5}}],"line":4}},"s":{"0":3,"1":3,"2":14,"3":3,"4":11},"f":{"0":14},"b":{"0":[3,11]},"_coverageSchema":"332fd63041d2c1bcb487cc26dd0d5f7d97098a6c","hash":"6b9157db2c0de5a2ad515c8ea755bc99baf369c0"}
,"/home/mamithi/Projects/NodeJs/vidly/models/customer.js": {"path":"/home/mamithi/Projects/NodeJs/vidly/models/customer.js","statementMap":{"0":{"start":{"line":1,"column":17},"end":{"line":1,"column":36}},"1":{"start":{"line":2,"column":12},"end":{"line":2,"column":26}},"2":{"start":{"line":4,"column":17},"end":{"line":22,"column":3}},"3":{"start":{"line":25,"column":19},"end":{"line":29,"column":5}},"4":{"start":{"line":31,"column":4},"end":{"line":31,"column":41}},"5":{"start":{"line":34,"column":0},"end":{"line":34,"column":28}},"6":{"start":{"line":35,"column":0},"end":{"line":35,"column":38}}},"fnMap":{"0":{"name":"validateCustomers","decl":{"start":{"line":24,"column":9},"end":{"line":24,"column":26}},"loc":{"start":{"line":24,"column":37},"end":{"line":32,"column":1}},"line":24}},"branchMap":{},"s":{"0":3,"1":3,"2":3,"3":0,"4":0,"5":3,"6":3},"f":{"0":0},"b":{},"_coverageSchema":"332fd63041d2c1bcb487cc26dd0d5f7d97098a6c","hash":"4c44ca29b518da501a3b6023f98873decb84927a"}
,"/home/mamithi/Projects/NodeJs/vidly/models/genre.js": {"path":"/home/mamithi/Projects/NodeJs/vidly/models/genre.js","statementMap":{"0":{"start":{"line":1,"column":17},"end":{"line":1,"column":36}},"1":{"start":{"line":2,"column":12},"end":{"line":2,"column":26}},"2":{"start":{"line":4,"column":21},"end":{"line":11,"column":2}},"3":{"start":{"line":13,"column":14},"end":{"line":13,"column":50}},"4":{"start":{"line":16,"column":19},"end":{"line":18,"column":5}},"5":{"start":{"line":20,"column":4},"end":{"line":20,"column":38}},"6":{"start":{"line":23,"column":0},"end":{"line":23,"column":22}},"7":{"start":{"line":24,"column":0},"end":{"line":24,"column":34}},"8":{"start":{"line":25,"column":0},"end":{"line":25,"column":34}}},"fnMap":{"0":{"name":"validateGenres","decl":{"start":{"line":15,"column":9},"end":{"line":15,"column":23}},"loc":{"start":{"line":15,"column":31},"end":{"line":21,"column":1}},"line":15}},"branchMap":{},"s":{"0":3,"1":3,"2":3,"3":3,"4":10,"5":10,"6":3,"7":3,"8":3},"f":{"0":10},"b":{},"_coverageSchema":"332fd63041d2c1bcb487cc26dd0d5f7d97098a6c","hash":"198779cb48c18f6615716c1e9ec67bab2138e7a4"}
,"/home/mamithi/Projects/NodeJs/vidly/models/movie.js": {"path":"/home/mamithi/Projects/NodeJs/vidly/models/movie.js","statementMap":{"0":{"start":{"line":1,"column":17},"end":{"line":1,"column":36}},"1":{"start":{"line":2,"column":12},"end":{"line":2,"column":26}},"2":{"start":{"line":3,"column":24},"end":{"line":3,"column":42}},"3":{"start":{"line":5,"column":14},"end":{"line":29,"column":3}},"4":{"start":{"line":32,"column":19},"end":{"line":37,"column":5}},"5":{"start":{"line":39,"column":4},"end":{"line":39,"column":39}},"6":{"start":{"line":42,"column":0},"end":{"line":42,"column":22}},"7":{"start":{"line":43,"column":0},"end":{"line":43,"column":34}}},"fnMap":{"0":{"name":"validateMovies","decl":{"start":{"line":31,"column":9},"end":{"line":31,"column":23}},"loc":{"start":{"line":31,"column":30},"end":{"line":40,"column":1}},"line":31}},"branchMap":{},"s":{"0":3,"1":3,"2":3,"3":3,"4":0,"5":0,"6":3,"7":3},"f":{"0":0},"b":{},"_coverageSchema":"332fd63041d2c1bcb487cc26dd0d5f7d97098a6c","hash":"710dbeeef5333b2f47cce48d25b166520a826987"}
,"/home/mamithi/Projects/NodeJs/vidly/models/rental.js": {"path":"/home/mamithi/Projects/NodeJs/vidly/models/rental.js","statementMap":{"0":{"start":{"line":1,"column":17},"end":{"line":1,"column":36}},"1":{"start":{"line":2,"column":12},"end":{"line":2,"column":26}},"2":{"start":{"line":3,"column":15},"end":{"line":3,"column":32}},"3":{"start":{"line":5,"column":22},"end":{"line":58,"column":2}},"4":{"start":{"line":60,"column":0},"end":{"line":65,"column":1}},"5":{"start":{"line":61,"column":4},"end":{"line":64,"column":7}},"6":{"start":{"line":67,"column":0},"end":{"line":72,"column":1}},"7":{"start":{"line":68,"column":4},"end":{"line":68,"column":36}},"8":{"start":{"line":70,"column":23},"end":{"line":70,"column":59}},"9":{"start":{"line":71,"column":4},"end":{"line":71,"column":64}},"10":{"start":{"line":74,"column":15},"end":{"line":74,"column":53}},"11":{"start":{"line":77,"column":19},"end":{"line":80,"column":5}},"12":{"start":{"line":82,"column":4},"end":{"line":82,"column":40}},"13":{"start":{"line":85,"column":0},"end":{"line":85,"column":24}},"14":{"start":{"line":86,"column":0},"end":{"line":86,"column":34}}},"fnMap":{"0":{"name":"(anonymous_0)","decl":{"start":{"line":60,"column":30},"end":{"line":60,"column":31}},"loc":{"start":{"line":60,"column":59},"end":{"line":65,"column":1}},"line":60},"1":{"name":"(anonymous_1)","decl":{"start":{"line":67,"column":31},"end":{"line":67,"column":32}},"loc":{"start":{"line":67,"column":41},"end":{"line":72,"column":1}},"line":67},"2":{"name":"validateRental","decl":{"start":{"line":76,"column":9},"end":{"line":76,"column":23}},"loc":{"start":{"line":76,"column":31},"end":{"line":83,"column":1}},"line":76}},"branchMap":{},"s":{"0":3,"1":3,"2":3,"3":3,"4":3,"5":7,"6":3,"7":5,"8":5,"9":5,"10":3,"11":0,"12":0,"13":3,"14":3},"f":{"0":7,"1":5,"2":0},"b":{},"_coverageSchema":"332fd63041d2c1bcb487cc26dd0d5f7d97098a6c","hash":"984c14cf8026fde6510472b481e7ecda04ca3c7f"}
,"/home/mamithi/Projects/NodeJs/vidly/models/user.js": {"path":"/home/mamithi/Projects/NodeJs/vidly/models/user.js","statementMap":{"0":{"start":{"line":1,"column":17},"end":{"line":1,"column":36}},"1":{"start":{"line":2,"column":12},"end":{"line":2,"column":26}},"2":{"start":{"line":3,"column":12},"end":{"line":3,"column":35}},"3":{"start":{"line":4,"column":15},"end":{"line":4,"column":32}},"4":{"start":{"line":6,"column":20},"end":{"line":29,"column":2}},"5":{"start":{"line":31,"column":0},"end":{"line":34,"column":1}},"6":{"start":{"line":32,"column":19},"end":{"line":32,"column":98}},"7":{"start":{"line":33,"column":4},"end":{"line":33,"column":17}},"8":{"start":{"line":36,"column":14},"end":{"line":36,"column":48}},"9":{"start":{"line":39,"column":19},"end":{"line":43,"column":5}},"10":{"start":{"line":45,"column":4},"end":{"line":45,"column":38}},"11":{"start":{"line":49,"column":19},"end":{"line":52,"column":5}},"12":{"start":{"line":54,"column":4},"end":{"line":54,"column":38}},"13":{"start":{"line":57,"column":0},"end":{"line":57,"column":20}},"14":{"start":{"line":58,"column":0},"end":{"line":58,"column":32}},"15":{"start":{"line":59,"column":0},"end":{"line":59,"column":36}}},"fnMap":{"0":{"name":"(anonymous_0)","decl":{"start":{"line":31,"column":39},"end":{"line":31,"column":40}},"loc":{"start":{"line":31,"column":50},"end":{"line":34,"column":1}},"line":31},"1":{"name":"validateUser","decl":{"start":{"line":38,"column":9},"end":{"line":38,"column":21}},"loc":{"start":{"line":38,"column":27},"end":{"line":46,"column":1}},"line":38},"2":{"name":"validateAuth","decl":{"start":{"line":48,"column":9},"end":{"line":48,"column":21}},"loc":{"start":{"line":48,"column":27},"end":{"line":55,"column":1}},"line":48}},"branchMap":{},"s":{"0":5,"1":5,"2":5,"3":5,"4":5,"5":5,"6":34,"7":34,"8":5,"9":0,"10":0,"11":0,"12":0,"13":5,"14":5,"15":5},"f":{"0":34,"1":0,"2":0},"b":{},"_coverageSchema":"332fd63041d2c1bcb487cc26dd0d5f7d97098a6c","hash":"e6add4fab7d15b2369c895fcb3c77f1aa751986a"}
,"/home/mamithi/Projects/NodeJs/vidly/routes/auth.js": {"path":"/home/mamithi/Projects/NodeJs/vidly/routes/auth.js","statementMap":{"0":{"start":{"line":1,"column":16},"end":{"line":1,"column":34}},"1":{"start":{"line":2,"column":31},"end":{"line":2,"column":56}},"2":{"start":{"line":3,"column":15},"end":{"line":3,"column":31}},"3":{"start":{"line":4,"column":10},"end":{"line":4,"column":27}},"4":{"start":{"line":5,"column":15},"end":{"line":5,"column":32}},"5":{"start":{"line":8,"column":0},"end":{"line":30,"column":2}},"6":{"start":{"line":9,"column":22},"end":{"line":9,"column":44}},"7":{"start":{"line":11,"column":4},"end":{"line":13,"column":5}},"8":{"start":{"line":12,"column":8},"end":{"line":12,"column":62}},"9":{"start":{"line":15,"column":15},"end":{"line":15,"column":58}},"10":{"start":{"line":17,"column":4},"end":{"line":19,"column":5}},"11":{"start":{"line":18,"column":8},"end":{"line":18,"column":65}},"12":{"start":{"line":21,"column":26},"end":{"line":21,"column":80}},"13":{"start":{"line":23,"column":4},"end":{"line":25,"column":5}},"14":{"start":{"line":24,"column":8},"end":{"line":24,"column":65}},"15":{"start":{"line":27,"column":18},"end":{"line":27,"column":42}},"16":{"start":{"line":29,"column":4},"end":{"line":29,"column":32}},"17":{"start":{"line":32,"column":0},"end":{"line":32,"column":24}}},"fnMap":{"0":{"name":"(anonymous_0)","decl":{"start":{"line":8,"column":17},"end":{"line":8,"column":18}},"loc":{"start":{"line":8,"column":36},"end":{"line":30,"column":1}},"line":8}},"branchMap":{"0":{"loc":{"start":{"line":11,"column":4},"end":{"line":13,"column":5}},"type":"if","locations":[{"start":{"line":11,"column":4},"end":{"line":13,"column":5}},{"start":{"line":11,"column":4},"end":{"line":13,"column":5}}],"line":11},"1":{"loc":{"start":{"line":17,"column":4},"end":{"line":19,"column":5}},"type":"if","locations":[{"start":{"line":17,"column":4},"end":{"line":19,"column":5}},{"start":{"line":17,"column":4},"end":{"line":19,"column":5}}],"line":17},"2":{"loc":{"start":{"line":23,"column":4},"end":{"line":25,"column":5}},"type":"if","locations":[{"start":{"line":23,"column":4},"end":{"line":25,"column":5}},{"start":{"line":23,"column":4},"end":{"line":25,"column":5}}],"line":23}},"s":{"0":3,"1":3,"2":3,"3":3,"4":3,"5":3,"6":0,"7":0,"8":0,"9":0,"10":0,"11":0,"12":0,"13":0,"14":0,"15":0,"16":0,"17":3},"f":{"0":0},"b":{"0":[0,0],"1":[0,0],"2":[0,0]},"_coverageSchema":"332fd63041d2c1bcb487cc26dd0d5f7d97098a6c","hash":"e0702895b376048d7ffcbdcad576eb67f2b4385b"}
,"/home/mamithi/Projects/NodeJs/vidly/routes/customers.js": {"path":"/home/mamithi/Projects/NodeJs/vidly/routes/customers.js","statementMap":{"0":{"start":{"line":1,"column":16},"end":{"line":1,"column":34}},"1":{"start":{"line":2,"column":15},"end":{"line":2,"column":31}},"2":{"start":{"line":4,"column":29},"end":{"line":4,"column":58}},"3":{"start":{"line":6,"column":1},"end":{"line":9,"column":3}},"4":{"start":{"line":7,"column":23},"end":{"line":7,"column":57}},"5":{"start":{"line":8,"column":4},"end":{"line":8,"column":31}},"6":{"start":{"line":11,"column":0},"end":{"line":27,"column":3}},"7":{"start":{"line":12,"column":22},"end":{"line":12,"column":40}},"8":{"start":{"line":14,"column":4},"end":{"line":16,"column":5}},"9":{"start":{"line":15,"column":8},"end":{"line":15,"column":62}},"10":{"start":{"line":18,"column":19},"end":{"line":22,"column":6}},"11":{"start":{"line":24,"column":4},"end":{"line":24,"column":36}},"12":{"start":{"line":26,"column":4},"end":{"line":26,"column":42}},"13":{"start":{"line":29,"column":0},"end":{"line":35,"column":3}},"14":{"start":{"line":30,"column":21},"end":{"line":30,"column":59}},"15":{"start":{"line":32,"column":4},"end":{"line":32,"column":94}},"16":{"start":{"line":32,"column":19},"end":{"line":32,"column":94}},"17":{"start":{"line":34,"column":4},"end":{"line":34,"column":42}},"18":{"start":{"line":37,"column":1},"end":{"line":50,"column":3}},"19":{"start":{"line":38,"column":22},"end":{"line":38,"column":40}},"20":{"start":{"line":39,"column":4},"end":{"line":39,"column":69}},"21":{"start":{"line":39,"column":14},"end":{"line":39,"column":68}},"22":{"start":{"line":41,"column":20},"end":{"line":43,"column":6}},"23":{"start":{"line":45,"column":4},"end":{"line":45,"column":93}},"24":{"start":{"line":45,"column":18},"end":{"line":45,"column":93}},"25":{"start":{"line":48,"column":4},"end":{"line":48,"column":35}},"26":{"start":{"line":52,"column":1},"end":{"line":58,"column":3}},"27":{"start":{"line":53,"column":21},"end":{"line":53,"column":68}},"28":{"start":{"line":55,"column":4},"end":{"line":55,"column":92}},"29":{"start":{"line":55,"column":17},"end":{"line":55,"column":92}},"30":{"start":{"line":57,"column":4},"end":{"line":57,"column":30}},"31":{"start":{"line":60,"column":0},"end":{"line":60,"column":24}}},"fnMap":{"0":{"name":"(anonymous_0)","decl":{"start":{"line":6,"column":17},"end":{"line":6,"column":18}},"loc":{"start":{"line":6,"column":36},"end":{"line":9,"column":1}},"line":6},"1":{"name":"(anonymous_1)","decl":{"start":{"line":11,"column":17},"end":{"line":11,"column":18}},"loc":{"start":{"line":11,"column":36},"end":{"line":27,"column":1}},"line":11},"2":{"name":"(anonymous_2)","decl":{"start":{"line":29,"column":19},"end":{"line":29,"column":20}},"loc":{"start":{"line":29,"column":39},"end":{"line":35,"column":1}},"line":29},"3":{"name":"(anonymous_3)","decl":{"start":{"line":37,"column":20},"end":{"line":37,"column":21}},"loc":{"start":{"line":37,"column":39},"end":{"line":50,"column":1}},"line":37},"4":{"name":"(anonymous_4)","decl":{"start":{"line":52,"column":23},"end":{"line":52,"column":24}},"loc":{"start":{"line":52,"column":42},"end":{"line":58,"column":1}},"line":52}},"branchMap":{"0":{"loc":{"start":{"line":14,"column":4},"end":{"line":16,"column":5}},"type":"if","locations":[{"start":{"line":14,"column":4},"end":{"line":16,"column":5}},{"start":{"line":14,"column":4},"end":{"line":16,"column":5}}],"line":14},"1":{"loc":{"start":{"line":32,"column":4},"end":{"line":32,"column":94}},"type":"if","locations":[{"start":{"line":32,"column":4},"end":{"line":32,"column":94}},{"start":{"line":32,"column":4},"end":{"line":32,"column":94}}],"line":32},"2":{"loc":{"start":{"line":39,"column":4},"end":{"line":39,"column":69}},"type":"if","locations":[{"start":{"line":39,"column":4},"end":{"line":39,"column":69}},{"start":{"line":39,"column":4},"end":{"line":39,"column":69}}],"line":39},"3":{"loc":{"start":{"line":45,"column":4},"end":{"line":45,"column":93}},"type":"if","locations":[{"start":{"line":45,"column":4},"end":{"line":45,"column":93}},{"start":{"line":45,"column":4},"end":{"line":45,"column":93}}],"line":45},"4":{"loc":{"start":{"line":55,"column":4},"end":{"line":55,"column":92}},"type":"if","locations":[{"start":{"line":55,"column":4},"end":{"line":55,"column":92}},{"start":{"line":55,"column":4},"end":{"line":55,"column":92}}],"line":55}},"s":{"0":3,"1":3,"2":3,"3":3,"4":0,"5":0,"6":3,"7":0,"8":0,"9":0,"10":0,"11":0,"12":0,"13":3,"14":0,"15":0,"16":0,"17":0,"18":3,"19":0,"20":0,"21":0,"22":0,"23":0,"24":0,"25":0,"26":3,"27":0,"28":0,"29":0,"30":0,"31":3},"f":{"0":0,"1":0,"2":0,"3":0,"4":0},"b":{"0":[0,0],"1":[0,0],"2":[0,0],"3":[0,0],"4":[0,0]},"_coverageSchema":"332fd63041d2c1bcb487cc26dd0d5f7d97098a6c","hash":"0fccbd397aa9dca54e30750d824f0cd90b045c08"}
,"/home/mamithi/Projects/NodeJs/vidly/routes/genres.js": {"path":"/home/mamithi/Projects/NodeJs/vidly/routes/genres.js","statementMap":{"0":{"start":{"line":1,"column":16},"end":{"line":1,"column":34}},"1":{"start":{"line":2,"column":15},"end":{"line":2,"column":31}},"2":{"start":{"line":3,"column":28},"end":{"line":3,"column":54}},"3":{"start":{"line":4,"column":14},"end":{"line":4,"column":43}},"4":{"start":{"line":5,"column":14},"end":{"line":5,"column":44}},"5":{"start":{"line":6,"column":25},"end":{"line":6,"column":66}},"6":{"start":{"line":8,"column":1},"end":{"line":11,"column":3}},"7":{"start":{"line":9,"column":19},"end":{"line":9,"column":50}},"8":{"start":{"line":10,"column":4},"end":{"line":10,"column":28}},"9":{"start":{"line":13,"column":1},"end":{"line":25,"column":3}},"10":{"start":{"line":14,"column":22},"end":{"line":14,"column":40}},"11":{"start":{"line":16,"column":4},"end":{"line":18,"column":5}},"12":{"start":{"line":17,"column":8},"end":{"line":17,"column":62}},"13":{"start":{"line":20,"column":16},"end":{"line":20,"column":48}},"14":{"start":{"line":22,"column":4},"end":{"line":22,"column":30}},"15":{"start":{"line":24,"column":4},"end":{"line":24,"column":39}},"16":{"start":{"line":27,"column":0},"end":{"line":33,"column":3}},"17":{"start":{"line":28,"column":18},"end":{"line":28,"column":53}},"18":{"start":{"line":30,"column":4},"end":{"line":30,"column":94}},"19":{"start":{"line":30,"column":16},"end":{"line":30,"column":94}},"20":{"start":{"line":32,"column":4},"end":{"line":32,"column":39}},"21":{"start":{"line":35,"column":1},"end":{"line":46,"column":3}},"22":{"start":{"line":36,"column":22},"end":{"line":36,"column":40}},"23":{"start":{"line":37,"column":4},"end":{"line":37,"column":69}},"24":{"start":{"line":37,"column":14},"end":{"line":37,"column":68}},"25":{"start":{"line":39,"column":17},"end":{"line":41,"column":6}},"26":{"start":{"line":43,"column":4},"end":{"line":43,"column":93}},"27":{"start":{"line":43,"column":15},"end":{"line":43,"column":93}},"28":{"start":{"line":45,"column":4},"end":{"line":45,"column":32}},"29":{"start":{"line":48,"column":1},"end":{"line":54,"column":3}},"30":{"start":{"line":49,"column":18},"end":{"line":49,"column":62}},"31":{"start":{"line":51,"column":4},"end":{"line":51,"column":92}},"32":{"start":{"line":51,"column":14},"end":{"line":51,"column":92}},"33":{"start":{"line":53,"column":4},"end":{"line":53,"column":27}},"34":{"start":{"line":56,"column":0},"end":{"line":56,"column":24}}},"fnMap":{"0":{"name":"(anonymous_0)","decl":{"start":{"line":8,"column":17},"end":{"line":8,"column":18}},"loc":{"start":{"line":8,"column":36},"end":{"line":11,"column":1}},"line":8},"1":{"name":"(anonymous_1)","decl":{"start":{"line":13,"column":24},"end":{"line":13,"column":25}},"loc":{"start":{"line":13,"column":43},"end":{"line":25,"column":1}},"line":13},"2":{"name":"(anonymous_2)","decl":{"start":{"line":27,"column":37},"end":{"line":27,"column":38}},"loc":{"start":{"line":27,"column":57},"end":{"line":33,"column":1}},"line":27},"3":{"name":"(anonymous_3)","decl":{"start":{"line":35,"column":44},"end":{"line":35,"column":45}},"loc":{"start":{"line":35,"column":63},"end":{"line":46,"column":1}},"line":35},"4":{"name":"(anonymous_4)","decl":{"start":{"line":48,"column":56},"end":{"line":48,"column":57}},"loc":{"start":{"line":48,"column":75},"end":{"line":54,"column":1}},"line":48}},"branchMap":{"0":{"loc":{"start":{"line":16,"column":4},"end":{"line":18,"column":5}},"type":"if","locations":[{"start":{"line":16,"column":4},"end":{"line":18,"column":5}},{"start":{"line":16,"column":4},"end":{"line":18,"column":5}}],"line":16},"1":{"loc":{"start":{"line":30,"column":4},"end":{"line":30,"column":94}},"type":"if","locations":[{"start":{"line":30,"column":4},"end":{"line":30,"column":94}},{"start":{"line":30,"column":4},"end":{"line":30,"column":94}}],"line":30},"2":{"loc":{"start":{"line":37,"column":4},"end":{"line":37,"column":69}},"type":"if","locations":[{"start":{"line":37,"column":4},"end":{"line":37,"column":69}},{"start":{"line":37,"column":4},"end":{"line":37,"column":69}}],"line":37},"3":{"loc":{"start":{"line":43,"column":4},"end":{"line":43,"column":93}},"type":"if","locations":[{"start":{"line":43,"column":4},"end":{"line":43,"column":93}},{"start":{"line":43,"column":4},"end":{"line":43,"column":93}}],"line":43},"4":{"loc":{"start":{"line":51,"column":4},"end":{"line":51,"column":92}},"type":"if","locations":[{"start":{"line":51,"column":4},"end":{"line":51,"column":92}},{"start":{"line":51,"column":4},"end":{"line":51,"column":92}}],"line":51}},"s":{"0":3,"1":3,"2":3,"3":3,"4":3,"5":3,"6":3,"7":1,"8":1,"9":3,"10":5,"11":5,"12":2,"13":3,"14":3,"15":3,"16":3,"17":2,"18":2,"19":1,"20":1,"21":3,"22":5,"23":5,"24":2,"25":3,"26":3,"27":1,"28":2,"29":3,"30":3,"31":3,"32":1,"33":2,"34":3},"f":{"0":1,"1":5,"2":2,"3":5,"4":3},"b":{"0":[2,3],"1":[1,1],"2":[2,3],"3":[1,2],"4":[1,2]},"_coverageSchema":"332fd63041d2c1bcb487cc26dd0d5f7d97098a6c","hash":"742479a3800dd393333012aba99af287ce5a2e73"}
,"/home/mamithi/Projects/NodeJs/vidly/routes/home.js": {"path":"/home/mamithi/Projects/NodeJs/vidly/routes/home.js","statementMap":{"0":{"start":{"line":1,"column":16},"end":{"line":1,"column":34}},"1":{"start":{"line":2,"column":15},"end":{"line":2,"column":31}},"2":{"start":{"line":4,"column":0},"end":{"line":6,"column":3}},"3":{"start":{"line":5,"column":4},"end":{"line":5,"column":34}},"4":{"start":{"line":8,"column":0},"end":{"line":8,"column":24}}},"fnMap":{"0":{"name":"(anonymous_0)","decl":{"start":{"line":4,"column":16},"end":{"line":4,"column":17}},"loc":{"start":{"line":4,"column":30},"end":{"line":6,"column":1}},"line":4}},"branchMap":{},"s":{"0":3,"1":3,"2":3,"3":0,"4":3},"f":{"0":0},"b":{},"_coverageSchema":"332fd63041d2c1bcb487cc26dd0d5f7d97098a6c","hash":"591c246edb40b82d12da968b32f56312648ffd37"}
,"/home/mamithi/Projects/NodeJs/vidly/routes/movies.js": {"path":"/home/mamithi/Projects/NodeJs/vidly/routes/movies.js","statementMap":{"0":{"start":{"line":1,"column":16},"end":{"line":1,"column":34}},"1":{"start":{"line":2,"column":15},"end":{"line":2,"column":31}},"2":{"start":{"line":3,"column":13},"end":{"line":3,"column":42}},"3":{"start":{"line":5,"column":27},"end":{"line":5,"column":53}},"4":{"start":{"line":6,"column":18},"end":{"line":6,"column":44}},"5":{"start":{"line":8,"column":0},"end":{"line":33,"column":3}},"6":{"start":{"line":9,"column":22},"end":{"line":9,"column":40}},"7":{"start":{"line":11,"column":4},"end":{"line":13,"column":5}},"8":{"start":{"line":12,"column":8},"end":{"line":12,"column":62}},"9":{"start":{"line":15,"column":18},"end":{"line":15,"column":56}},"10":{"start":{"line":17,"column":4},"end":{"line":19,"column":5}},"11":{"start":{"line":18,"column":8},"end":{"line":18,"column":54}},"12":{"start":{"line":21,"column":18},"end":{"line":29,"column":6}},"13":{"start":{"line":30,"column":4},"end":{"line":30,"column":23}},"14":{"start":{"line":32,"column":4},"end":{"line":32,"column":39}},"15":{"start":{"line":35,"column":0},"end":{"line":41,"column":3}},"16":{"start":{"line":36,"column":19},"end":{"line":39,"column":18}},"17":{"start":{"line":40,"column":4},"end":{"line":40,"column":28}},"18":{"start":{"line":43,"column":0},"end":{"line":49,"column":3}},"19":{"start":{"line":44,"column":18},"end":{"line":44,"column":53}},"20":{"start":{"line":46,"column":4},"end":{"line":46,"column":88}},"21":{"start":{"line":46,"column":16},"end":{"line":46,"column":88}},"22":{"start":{"line":48,"column":4},"end":{"line":48,"column":39}},"23":{"start":{"line":51,"column":0},"end":{"line":64,"column":3}},"24":{"start":{"line":52,"column":22},"end":{"line":52,"column":40}},"25":{"start":{"line":53,"column":4},"end":{"line":53,"column":69}},"26":{"start":{"line":53,"column":14},"end":{"line":53,"column":68}},"27":{"start":{"line":55,"column":17},"end":{"line":57,"column":6}},"28":{"start":{"line":59,"column":4},"end":{"line":59,"column":87}},"29":{"start":{"line":59,"column":15},"end":{"line":59,"column":87}},"30":{"start":{"line":62,"column":4},"end":{"line":62,"column":32}},"31":{"start":{"line":66,"column":0},"end":{"line":72,"column":3}},"32":{"start":{"line":67,"column":18},"end":{"line":67,"column":62}},"33":{"start":{"line":69,"column":4},"end":{"line":69,"column":86}},"34":{"start":{"line":69,"column":14},"end":{"line":69,"column":86}},"35":{"start":{"line":71,"column":4},"end":{"line":71,"column":27}},"36":{"start":{"line":75,"column":0},"end":{"line":75,"column":24}}},"fnMap":{"0":{"name":"(anonymous_0)","decl":{"start":{"line":8,"column":23},"end":{"line":8,"column":24}},"loc":{"start":{"line":8,"column":42},"end":{"line":33,"column":1}},"line":8},"1":{"name":"(anonymous_1)","decl":{"start":{"line":35,"column":16},"end":{"line":35,"column":17}},"loc":{"start":{"line":35,"column":35},"end":{"line":41,"column":1}},"line":35},"2":{"name":"(anonymous_2)","decl":{"start":{"line":43,"column":19},"end":{"line":43,"column":20}},"loc":{"start":{"line":43,"column":39},"end":{"line":49,"column":1}},"line":43},"3":{"name":"(anonymous_3)","decl":{"start":{"line":51,"column":25},"end":{"line":51,"column":26}},"loc":{"start":{"line":51,"column":44},"end":{"line":64,"column":1}},"line":51},"4":{"name":"(anonymous_4)","decl":{"start":{"line":66,"column":22},"end":{"line":66,"column":23}},"loc":{"start":{"line":66,"column":41},"end":{"line":72,"column":1}},"line":66}},"branchMap":{"0":{"loc":{"start":{"line":11,"column":4},"end":{"line":13,"column":5}},"type":"if","locations":[{"start":{"line":11,"column":4},"end":{"line":13,"column":5}},{"start":{"line":11,"column":4},"end":{"line":13,"column":5}}],"line":11},"1":{"loc":{"start":{"line":17,"column":4},"end":{"line":19,"column":5}},"type":"if","locations":[{"start":{"line":17,"column":4},"end":{"line":19,"column":5}},{"start":{"line":17,"column":4},"end":{"line":19,"column":5}}],"line":17},"2":{"loc":{"start":{"line":46,"column":4},"end":{"line":46,"column":88}},"type":"if","locations":[{"start":{"line":46,"column":4},"end":{"line":46,"column":88}},{"start":{"line":46,"column":4},"end":{"line":46,"column":88}}],"line":46},"3":{"loc":{"start":{"line":53,"column":4},"end":{"line":53,"column":69}},"type":"if","locations":[{"start":{"line":53,"column":4},"end":{"line":53,"column":69}},{"start":{"line":53,"column":4},"end":{"line":53,"column":69}}],"line":53},"4":{"loc":{"start":{"line":59,"column":4},"end":{"line":59,"column":87}},"type":"if","locations":[{"start":{"line":59,"column":4},"end":{"line":59,"column":87}},{"start":{"line":59,"column":4},"end":{"line":59,"column":87}}],"line":59},"5":{"loc":{"start":{"line":69,"column":4},"end":{"line":69,"column":86}},"type":"if","locations":[{"start":{"line":69,"column":4},"end":{"line":69,"column":86}},{"start":{"line":69,"column":4},"end":{"line":69,"column":86}}],"line":69}},"s":{"0":3,"1":3,"2":3,"3":3,"4":3,"5":3,"6":0,"7":0,"8":0,"9":0,"10":0,"11":0,"12":0,"13":0,"14":0,"15":3,"16":0,"17":0,"18":3,"19":0,"20":0,"21":0,"22":0,"23":3,"24":0,"25":0,"26":0,"27":0,"28":0,"29":0,"30":0,"31":3,"32":0,"33":0,"34":0,"35":0,"36":3},"f":{"0":0,"1":0,"2":0,"3":0,"4":0},"b":{"0":[0,0],"1":[0,0],"2":[0,0],"3":[0,0],"4":[0,0],"5":[0,0]},"_coverageSchema":"332fd63041d2c1bcb487cc26dd0d5f7d97098a6c","hash":"43bc24aec85734038a9e4cd46057e50e5cfb0f48"}
,"/home/mamithi/Projects/NodeJs/vidly/routes/rentals.js": {"path":"/home/mamithi/Projects/NodeJs/vidly/routes/rentals.js","statementMap":{"0":{"start":{"line":1,"column":27},"end":{"line":1,"column":54}},"1":{"start":{"line":2,"column":16},"end":{"line":2,"column":42}},"2":{"start":{"line":3,"column":19},"end":{"line":3,"column":48}},"3":{"start":{"line":4,"column":17},"end":{"line":4,"column":36}},"4":{"start":{"line":5,"column":16},"end":{"line":5,"column":34}},"5":{"start":{"line":6,"column":15},"end":{"line":6,"column":31}},"6":{"start":{"line":7,"column":13},"end":{"line":7,"column":28}},"7":{"start":{"line":8,"column":13},"end":{"line":8,"column":42}},"8":{"start":{"line":10,"column":0},"end":{"line":10,"column":20}},"9":{"start":{"line":12,"column":0},"end":{"line":15,"column":3}},"10":{"start":{"line":13,"column":18},"end":{"line":13,"column":55}},"11":{"start":{"line":14,"column":2},"end":{"line":14,"column":20}},"12":{"start":{"line":17,"column":0},"end":{"line":54,"column":3}},"13":{"start":{"line":18,"column":20},"end":{"line":18,"column":38}},"14":{"start":{"line":19,"column":2},"end":{"line":19,"column":67}},"15":{"start":{"line":19,"column":13},"end":{"line":19,"column":67}},"16":{"start":{"line":21,"column":19},"end":{"line":21,"column":63}},"17":{"start":{"line":22,"column":2},"end":{"line":22,"column":66}},"18":{"start":{"line":22,"column":17},"end":{"line":22,"column":66}},"19":{"start":{"line":24,"column":16},"end":{"line":24,"column":54}},"20":{"start":{"line":25,"column":2},"end":{"line":25,"column":60}},"21":{"start":{"line":25,"column":14},"end":{"line":25,"column":60}},"22":{"start":{"line":27,"column":2},"end":{"line":27,"column":86}},"23":{"start":{"line":27,"column":35},"end":{"line":27,"column":86}},"24":{"start":{"line":29,"column":15},"end":{"line":40,"column":4}},"25":{"start":{"line":42,"column":2},"end":{"line":53,"column":3}},"26":{"start":{"line":43,"column":4},"end":{"line":48,"column":11}},"27":{"start":{"line":50,"column":4},"end":{"line":50,"column":21}},"28":{"start":{"line":52,"column":4},"end":{"line":52,"column":46}},"29":{"start":{"line":56,"column":0},"end":{"line":62,"column":3}},"30":{"start":{"line":57,"column":17},"end":{"line":57,"column":53}},"31":{"start":{"line":59,"column":2},"end":{"line":59,"column":90}},"32":{"start":{"line":59,"column":15},"end":{"line":59,"column":90}},"33":{"start":{"line":61,"column":2},"end":{"line":61,"column":19}},"34":{"start":{"line":64,"column":0},"end":{"line":64,"column":24}}},"fnMap":{"0":{"name":"(anonymous_0)","decl":{"start":{"line":12,"column":16},"end":{"line":12,"column":17}},"loc":{"start":{"line":12,"column":36},"end":{"line":15,"column":1}},"line":12},"1":{"name":"(anonymous_1)","decl":{"start":{"line":17,"column":23},"end":{"line":17,"column":24}},"loc":{"start":{"line":17,"column":43},"end":{"line":54,"column":1}},"line":17},"2":{"name":"(anonymous_2)","decl":{"start":{"line":56,"column":25},"end":{"line":56,"column":26}},"loc":{"start":{"line":56,"column":45},"end":{"line":62,"column":1}},"line":56}},"branchMap":{"0":{"loc":{"start":{"line":19,"column":2},"end":{"line":19,"column":67}},"type":"if","locations":[{"start":{"line":19,"column":2},"end":{"line":19,"column":67}},{"start":{"line":19,"column":2},"end":{"line":19,"column":67}}],"line":19},"1":{"loc":{"start":{"line":22,"column":2},"end":{"line":22,"column":66}},"type":"if","locations":[{"start":{"line":22,"column":2},"end":{"line":22,"column":66}},{"start":{"line":22,"column":2},"end":{"line":22,"column":66}}],"line":22},"2":{"loc":{"start":{"line":25,"column":2},"end":{"line":25,"column":60}},"type":"if","locations":[{"start":{"line":25,"column":2},"end":{"line":25,"column":60}},{"start":{"line":25,"column":2},"end":{"line":25,"column":60}}],"line":25},"3":{"loc":{"start":{"line":27,"column":2},"end":{"line":27,"column":86}},"type":"if","locations":[{"start":{"line":27,"column":2},"end":{"line":27,"column":86}},{"start":{"line":27,"column":2},"end":{"line":27,"column":86}}],"line":27},"4":{"loc":{"start":{"line":59,"column":2},"end":{"line":59,"column":90}},"type":"if","locations":[{"start":{"line":59,"column":2},"end":{"line":59,"column":90}},{"start":{"line":59,"column":2},"end":{"line":59,"column":90}}],"line":59}},"s":{"0":3,"1":3,"2":3,"3":3,"4":3,"5":3,"6":3,"7":3,"8":3,"9":3,"10":0,"11":0,"12":3,"13":0,"14":0,"15":0,"16":0,"17":0,"18":0,"19":0,"20":0,"21":0,"22":0,"23":0,"24":0,"25":0,"26":0,"27":0,"28":0,"29":3,"30":0,"31":0,"32":0,"33":0,"34":3},"f":{"0":0,"1":0,"2":0},"b":{"0":[0,0],"1":[0,0],"2":[0,0],"3":[0,0],"4":[0,0]},"_coverageSchema":"332fd63041d2c1bcb487cc26dd0d5f7d97098a6c","hash":"1a3ef0f8d9e54f48bae7046102cac9e40fa51655"}
,"/home/mamithi/Projects/NodeJs/vidly/routes/returns.js": {"path":"/home/mamithi/Projects/NodeJs/vidly/routes/returns.js","statementMap":{"0":{"start":{"line":1,"column":16},"end":{"line":1,"column":34}},"1":{"start":{"line":2,"column":15},"end":{"line":2,"column":31}},"2":{"start":{"line":3,"column":13},"end":{"line":3,"column":42}},"3":{"start":{"line":4,"column":17},"end":{"line":4,"column":50}},"4":{"start":{"line":5,"column":18},"end":{"line":5,"column":45}},"5":{"start":{"line":6,"column":17},"end":{"line":6,"column":43}},"6":{"start":{"line":7,"column":12},"end":{"line":7,"column":26}},"7":{"start":{"line":9,"column":0},"end":{"line":29,"column":3}},"8":{"start":{"line":10,"column":18},"end":{"line":10,"column":76}},"9":{"start":{"line":12,"column":4},"end":{"line":14,"column":5}},"10":{"start":{"line":13,"column":8},"end":{"line":13,"column":56}},"11":{"start":{"line":16,"column":4},"end":{"line":18,"column":5}},"12":{"start":{"line":17,"column":8},"end":{"line":17,"column":64}},"13":{"start":{"line":20,"column":4},"end":{"line":20,"column":20}},"14":{"start":{"line":21,"column":4},"end":{"line":21,"column":24}},"15":{"start":{"line":23,"column":4},"end":{"line":25,"column":7}},"16":{"start":{"line":27,"column":4},"end":{"line":27,"column":28}},"17":{"start":{"line":32,"column":19},"end":{"line":35,"column":5}},"18":{"start":{"line":37,"column":4},"end":{"line":37,"column":36}},"19":{"start":{"line":40,"column":0},"end":{"line":40,"column":24}}},"fnMap":{"0":{"name":"(anonymous_0)","decl":{"start":{"line":9,"column":51},"end":{"line":9,"column":52}},"loc":{"start":{"line":9,"column":71},"end":{"line":29,"column":1}},"line":9},"1":{"name":"validateReturn","decl":{"start":{"line":31,"column":9},"end":{"line":31,"column":23}},"loc":{"start":{"line":31,"column":29},"end":{"line":38,"column":1}},"line":31}},"branchMap":{"0":{"loc":{"start":{"line":12,"column":4},"end":{"line":14,"column":5}},"type":"if","locations":[{"start":{"line":12,"column":4},"end":{"line":14,"column":5}},{"start":{"line":12,"column":4},"end":{"line":14,"column":5}}],"line":12},"1":{"loc":{"start":{"line":16,"column":4},"end":{"line":18,"column":5}},"type":"if","locations":[{"start":{"line":16,"column":4},"end":{"line":18,"column":5}},{"start":{"line":16,"column":4},"end":{"line":18,"column":5}}],"line":16}},"s":{"0":3,"1":3,"2":3,"3":3,"4":3,"5":3,"6":3,"7":3,"8":7,"9":7,"10":1,"11":6,"12":1,"13":5,"14":5,"15":5,"16":5,"17":9,"18":9,"19":3},"f":{"0":7,"1":9},"b":{"0":[1,6],"1":[1,5]},"_coverageSchema":"332fd63041d2c1bcb487cc26dd0d5f7d97098a6c","hash":"a0ef566b561fed02238384e9423453e207ab0b5a"}
,"/home/mamithi/Projects/NodeJs/vidly/routes/users.js": {"path":"/home/mamithi/Projects/NodeJs/vidly/routes/users.js","statementMap":{"0":{"start":{"line":1,"column":16},"end":{"line":1,"column":34}},"1":{"start":{"line":2,"column":27},"end":{"line":2,"column":52}},"2":{"start":{"line":3,"column":15},"end":{"line":3,"column":31}},"3":{"start":{"line":4,"column":10},"end":{"line":4,"column":27}},"4":{"start":{"line":5,"column":15},"end":{"line":5,"column":32}},"5":{"start":{"line":6,"column":13},"end":{"line":6,"column":42}},"6":{"start":{"line":9,"column":0},"end":{"line":32,"column":3}},"7":{"start":{"line":10,"column":22},"end":{"line":10,"column":40}},"8":{"start":{"line":12,"column":4},"end":{"line":14,"column":5}},"9":{"start":{"line":13,"column":8},"end":{"line":13,"column":62}},"10":{"start":{"line":16,"column":15},"end":{"line":16,"column":58}},"11":{"start":{"line":18,"column":4},"end":{"line":20,"column":5}},"12":{"start":{"line":19,"column":8},"end":{"line":19,"column":63}},"13":{"start":{"line":22,"column":4},"end":{"line":22,"column":70}},"14":{"start":{"line":24,"column":17},"end":{"line":24,"column":41}},"15":{"start":{"line":25,"column":4},"end":{"line":25,"column":59}},"16":{"start":{"line":27,"column":4},"end":{"line":27,"column":22}},"17":{"start":{"line":29,"column":18},"end":{"line":29,"column":42}},"18":{"start":{"line":31,"column":4},"end":{"line":31,"column":101}},"19":{"start":{"line":34,"column":0},"end":{"line":39,"column":3}},"20":{"start":{"line":35,"column":17},"end":{"line":36,"column":28}},"21":{"start":{"line":38,"column":8},"end":{"line":38,"column":23}},"22":{"start":{"line":41,"column":0},"end":{"line":41,"column":24}}},"fnMap":{"0":{"name":"(anonymous_0)","decl":{"start":{"line":9,"column":17},"end":{"line":9,"column":18}},"loc":{"start":{"line":9,"column":36},"end":{"line":32,"column":1}},"line":9},"1":{"name":"(anonymous_1)","decl":{"start":{"line":34,"column":24},"end":{"line":34,"column":25}},"loc":{"start":{"line":34,"column":43},"end":{"line":39,"column":1}},"line":34}},"branchMap":{"0":{"loc":{"start":{"line":12,"column":4},"end":{"line":14,"column":5}},"type":"if","locations":[{"start":{"line":12,"column":4},"end":{"line":14,"column":5}},{"start":{"line":12,"column":4},"end":{"line":14,"column":5}}],"line":12},"1":{"loc":{"start":{"line":18,"column":4},"end":{"line":20,"column":5}},"type":"if","locations":[{"start":{"line":18,"column":4},"end":{"line":20,"column":5}},{"start":{"line":18,"column":4},"end":{"line":20,"column":5}}],"line":18}},"s":{"0":3,"1":3,"2":3,"3":3,"4":3,"5":3,"6":3,"7":0,"8":0,"9":0,"10":0,"11":0,"12":0,"13":0,"14":0,"15":0,"16":0,"17":0,"18":0,"19":3,"20":0,"21":0,"22":3},"f":{"0":0,"1":0},"b":{"0":[0,0],"1":[0,0]},"_coverageSchema":"332fd63041d2c1bcb487cc26dd0d5f7d97098a6c","hash":"63d12b215001efcce4295e333e6d1adb0ec9b709"}
,"/home/mamithi/Projects/NodeJs/vidly/startup/config.js": {"path":"/home/mamithi/Projects/NodeJs/vidly/startup/config.js","statementMap":{"0":{"start":{"line":1,"column":15},"end":{"line":1,"column":32}},"1":{"start":{"line":3,"column":0},"end":{"line":7,"column":1}},"2":{"start":{"line":4,"column":4},"end":{"line":6,"column":5}},"3":{"start":{"line":5,"column":8},"end":{"line":5,"column":64}}},"fnMap":{"0":{"name":"(anonymous_0)","decl":{"start":{"line":3,"column":17},"end":{"line":3,"column":18}},"loc":{"start":{"line":3,"column":29},"end":{"line":7,"column":1}},"line":3}},"branchMap":{"0":{"loc":{"start":{"line":4,"column":4},"end":{"line":6,"column":5}},"type":"if","locations":[{"start":{"line":4,"column":4},"end":{"line":6,"column":5}},{"start":{"line":4,"column":4},"end":{"line":6,"column":5}}],"line":4}},"s":{"0":3,"1":3,"2":3,"3":0},"f":{"0":3},"b":{"0":[0,3]},"_coverageSchema":"332fd63041d2c1bcb487cc26dd0d5f7d97098a6c","hash":"503c77ed246909b68628b42f5a867c0b4df9c227"}
,"/home/mamithi/Projects/NodeJs/vidly/startup/db.js": {"path":"/home/mamithi/Projects/NodeJs/vidly/startup/db.js","statementMap":{"0":{"start":{"line":1,"column":16},"end":{"line":1,"column":34}},"1":{"start":{"line":2,"column":17},"end":{"line":2,"column":36}},"2":{"start":{"line":3,"column":15},"end":{"line":3,"column":32}},"3":{"start":{"line":5,"column":0},"end":{"line":9,"column":1}},"4":{"start":{"line":6,"column":15},"end":{"line":6,"column":31}},"5":{"start":{"line":7,"column":4},"end":{"line":8,"column":58}},"6":{"start":{"line":8,"column":20},"end":{"line":8,"column":57}}},"fnMap":{"0":{"name":"(anonymous_0)","decl":{"start":{"line":5,"column":17},"end":{"line":5,"column":18}},"loc":{"start":{"line":5,"column":29},"end":{"line":9,"column":1}},"line":5},"1":{"name":"(anonymous_1)","decl":{"start":{"line":8,"column":14},"end":{"line":8,"column":15}},"loc":{"start":{"line":8,"column":20},"end":{"line":8,"column":57}},"line":8}},"branchMap":{},"s":{"0":3,"1":3,"2":3,"3":3,"4":3,"5":3,"6":3},"f":{"0":3,"1":3},"b":{},"_coverageSchema":"332fd63041d2c1bcb487cc26dd0d5f7d97098a6c","hash":"fbc77d45f5419f648f324c39fd847bcf67e7b483"}
,"/home/mamithi/Projects/NodeJs/vidly/startup/logging.js": {"path":"/home/mamithi/Projects/NodeJs/vidly/startup/logging.js","statementMap":{"0":{"start":{"line":1,"column":16},"end":{"line":1,"column":34}},"1":{"start":{"line":3,"column":0},"end":{"line":3,"column":32}},"2":{"start":{"line":5,"column":0},"end":{"line":27,"column":1}},"3":{"start":{"line":6,"column":4},"end":{"line":14,"column":6}},"4":{"start":{"line":16,"column":4},"end":{"line":18,"column":6}},"5":{"start":{"line":17,"column":8},"end":{"line":17,"column":17}},"6":{"start":{"line":20,"column":4},"end":{"line":22,"column":7}}},"fnMap":{"0":{"name":"(anonymous_0)","decl":{"start":{"line":5,"column":17},"end":{"line":5,"column":18}},"loc":{"start":{"line":5,"column":29},"end":{"line":27,"column":1}},"line":5},"1":{"name":"(anonymous_1)","decl":{"start":{"line":16,"column":37},"end":{"line":16,"column":38}},"loc":{"start":{"line":16,"column":45},"end":{"line":18,"column":5}},"line":16}},"branchMap":{},"s":{"0":3,"1":3,"2":3,"3":3,"4":3,"5":0,"6":3},"f":{"0":3,"1":0},"b":{},"_coverageSchema":"332fd63041d2c1bcb487cc26dd0d5f7d97098a6c","hash":"8cd294c2ba5c254fc1c31ab946f975b32e12e3a5"}
,"/home/mamithi/Projects/NodeJs/vidly/startup/prod.js": {"path":"/home/mamithi/Projects/NodeJs/vidly/startup/prod.js","statementMap":{"0":{"start":{"line":1,"column":15},"end":{"line":1,"column":32}},"1":{"start":{"line":2,"column":20},"end":{"line":2,"column":42}},"2":{"start":{"line":4,"column":0},"end":{"line":7,"column":1}},"3":{"start":{"line":5,"column":4},"end":{"line":5,"column":22}},"4":{"start":{"line":6,"column":4},"end":{"line":6,"column":27}}},"fnMap":{"0":{"name":"(anonymous_0)","decl":{"start":{"line":4,"column":17},"end":{"line":4,"column":18}},"loc":{"start":{"line":4,"column":30},"end":{"line":7,"column":1}},"line":4}},"branchMap":{},"s":{"0":3,"1":3,"2":3,"3":3,"4":3},"f":{"0":3},"b":{},"_coverageSchema":"332fd63041d2c1bcb487cc26dd0d5f7d97098a6c","hash":"aebdfc528b9c55f57bace6efa8acd84dbf899950"}
,"/home/mamithi/Projects/NodeJs/vidly/startup/routes.js": {"path":"/home/mamithi/Projects/NodeJs/vidly/startup/routes.js","statementMap":{"0":{"start":{"line":1,"column":16},"end":{"line":1,"column":34}},"1":{"start":{"line":3,"column":14},"end":{"line":3,"column":40}},"2":{"start":{"line":4,"column":15},"end":{"line":4,"column":42}},"3":{"start":{"line":5,"column":15},"end":{"line":5,"column":42}},"4":{"start":{"line":6,"column":18},"end":{"line":6,"column":48}},"5":{"start":{"line":7,"column":16},"end":{"line":7,"column":44}},"6":{"start":{"line":8,"column":13},"end":{"line":8,"column":38}},"7":{"start":{"line":9,"column":13},"end":{"line":9,"column":38}},"8":{"start":{"line":10,"column":16},"end":{"line":10,"column":44}},"9":{"start":{"line":11,"column":14},"end":{"line":11,"column":44}},"10":{"start":{"line":13,"column":0},"end":{"line":28,"column":1}},"11":{"start":{"line":14,"column":4},"end":{"line":18,"column":7}},"12":{"start":{"line":15,"column":8},"end":{"line":17,"column":11}},"13":{"start":{"line":16,"column":12},"end":{"line":16,"column":38}},"14":{"start":{"line":19,"column":4},"end":{"line":19,"column":33}},"15":{"start":{"line":20,"column":4},"end":{"line":20,"column":35}},"16":{"start":{"line":21,"column":4},"end":{"line":21,"column":35}},"17":{"start":{"line":22,"column":4},"end":{"line":22,"column":41}},"18":{"start":{"line":23,"column":4},"end":{"line":23,"column":37}},"19":{"start":{"line":24,"column":4},"end":{"line":24,"column":23}},"20":{"start":{"line":25,"column":4},"end":{"line":25,"column":31}},"21":{"start":{"line":26,"column":4},"end":{"line":26,"column":37}},"22":{"start":{"line":27,"column":4},"end":{"line":27,"column":19}}},"fnMap":{"0":{"name":"(anonymous_0)","decl":{"start":{"line":13,"column":17},"end":{"line":13,"column":18}},"loc":{"start":{"line":13,"column":31},"end":{"line":28,"column":1}},"line":13},"1":{"name":"(anonymous_1)","decl":{"start":{"line":14,"column":29},"end":{"line":14,"column":30}},"loc":{"start":{"line":14,"column":54},"end":{"line":18,"column":5}},"line":14}},"branchMap":{"0":{"loc":{"start":{"line":15,"column":8},"end":{"line":17,"column":11}},"type":"if","locations":[{"start":{"line":15,"column":8},"end":{"line":17,"column":11}},{"start":{"line":15,"column":8},"end":{"line":17,"column":11}}],"line":15},"1":{"loc":{"start":{"line":15,"column":12},"end":{"line":15,"column":77}},"type":"binary-expr","locations":[{"start":{"line":15,"column":12},"end":{"line":15,"column":38}},{"start":{"line":15,"column":42},"end":{"line":15,"column":60}},{"start":{"line":15,"column":64},"end":{"line":15,"column":77}}],"line":15}},"s":{"0":3,"1":3,"2":3,"3":3,"4":3,"5":3,"6":3,"7":3,"8":3,"9":3,"10":3,"11":3,"12":0,"13":0,"14":3,"15":3,"16":3,"17":3,"18":3,"19":3,"20":3,"21":3,"22":3},"f":{"0":3,"1":0},"b":{"0":[0,0],"1":[0,0,0]},"_coverageSchema":"332fd63041d2c1bcb487cc26dd0d5f7d97098a6c","hash":"7ed41beebbab8b0b15af5b25c6ed633059a3b7e3"}
,"/home/mamithi/Projects/NodeJs/vidly/startup/validation.js": {"path":"/home/mamithi/Projects/NodeJs/vidly/startup/validation.js","statementMap":{"0":{"start":{"line":1,"column":12},"end":{"line":1,"column":26}},"1":{"start":{"line":3,"column":0},"end":{"line":5,"column":1}},"2":{"start":{"line":4,"column":4},"end":{"line":4,"column":48}}},"fnMap":{"0":{"name":"(anonymous_0)","decl":{"start":{"line":3,"column":17},"end":{"line":3,"column":18}},"loc":{"start":{"line":3,"column":29},"end":{"line":5,"column":1}},"line":3}},"branchMap":{},"s":{"0":3,"1":3,"2":3},"f":{"0":3},"b":{},"_coverageSchema":"332fd63041d2c1bcb487cc26dd0d5f7d97098a6c","hash":"c238d69624df55902b54dca17690a162f3b3e4d4"}
}
