TN:
SF:/home/mamithi/Projects/NodeJs/vidly/index.js
FN:12,(anonymous_0)
FNF:1
FNH:1
FNDA:3,(anonymous_0)
DA:1,3
DA:2,3
DA:3,3
DA:5,3
DA:6,3
DA:7,3
DA:8,3
DA:9,3
DA:11,3
DA:12,3
DA:14,3
LF:11
LH:11
BRDA:11,0,0,3
BRDA:11,0,1,3
BRF:2
BRH:2
end_of_record
TN:
SF:/home/mamithi/Projects/NodeJs/vidly/middleware/admin.js
FN:1,(anonymous_0)
FNF:1
FNH:1
FNDA:5,(anonymous_0)
DA:1,3
DA:2,5
DA:3,1
DA:5,4
LF:4
LH:4
BRDA:2,0,0,1
BRDA:2,0,1,4
BRF:2
BRH:2
end_of_record
TN:
SF:/home/mamithi/Projects/NodeJs/vidly/middleware/auth.js
FN:4,(anonymous_0)
FNF:1
FNH:1
FNDA:27,(anonymous_0)
DA:1,4
DA:2,4
DA:4,4
DA:5,27
DA:6,27
DA:7,5
DA:10,22
DA:11,22
DA:12,21
DA:13,21
DA:15,1
LF:11
LH:11
BRDA:6,0,0,5
BRDA:6,0,1,22
BRF:2
BRH:2
end_of_record
TN:
SF:/home/mamithi/Projects/NodeJs/vidly/middleware/error.js
FN:3,(anonymous_0)
FNF:1
FNH:0
FNDA:0,(anonymous_0)
DA:1,3
DA:3,3
DA:4,0
DA:5,0
LF:4
LH:2
BRF:0
BRH:0
end_of_record
TN:
SF:/home/mamithi/Projects/NodeJs/vidly/middleware/validateObjectId.js
FN:3,(anonymous_0)
FNF:1
FNH:1
FNDA:14,(anonymous_0)
DA:1,3
DA:3,3
DA:4,14
DA:5,3
DA:8,11
LF:5
LH:5
BRDA:4,0,0,3
BRDA:4,0,1,11
BRF:2
BRH:2
end_of_record
TN:
SF:/home/mamithi/Projects/NodeJs/vidly/models/customer.js
FN:24,validateCustomers
FNF:1
FNH:0
FNDA:0,validateCustomers
DA:1,3
DA:2,3
DA:4,3
DA:25,0
DA:31,0
DA:34,3
DA:35,3
LF:7
LH:5
BRF:0
BRH:0
end_of_record
TN:
SF:/home/mamithi/Projects/NodeJs/vidly/models/genre.js
FN:15,validateGenres
FNF:1
FNH:1
FNDA:10,validateGenres
DA:1,3
DA:2,3
DA:4,3
DA:13,3
DA:16,10
DA:20,10
DA:23,3
DA:24,3
DA:25,3
LF:9
LH:9
BRF:0
BRH:0
end_of_record
TN:
SF:/home/mamithi/Projects/NodeJs/vidly/models/movie.js
FN:31,validateMovies
FNF:1
FNH:0
FNDA:0,validateMovies
DA:1,3
DA:2,3
DA:3,3
DA:5,3
DA:32,0
DA:39,0
DA:42,3
DA:43,3
LF:8
LH:6
BRF:0
BRH:0
end_of_record
TN:
SF:/home/mamithi/Projects/NodeJs/vidly/models/rental.js
FN:60,validateRental
FNF:1
FNH:0
FNDA:0,validateRental
DA:1,3
DA:2,3
DA:5,3
DA:61,0
DA:66,0
DA:69,3
DA:70,3
LF:7
LH:5
BRF:0
BRH:0
end_of_record
TN:
SF:/home/mamithi/Projects/NodeJs/vidly/models/user.js
FN:31,(anonymous_0)
FN:38,validateUser
FN:48,validateAuth
FNF:3
FNH:1
FNDA:30,(anonymous_0)
FNDA:0,validateUser
FNDA:0,validateAuth
DA:1,5
DA:2,5
DA:3,5
DA:4,5
DA:6,5
DA:31,5
DA:32,30
DA:33,30
DA:36,5
DA:39,0
DA:45,0
DA:49,0
DA:54,0
DA:57,5
DA:58,5
DA:59,5
LF:16
LH:12
BRF:0
BRH:0
end_of_record
TN:
SF:/home/mamithi/Projects/NodeJs/vidly/routes/auth.js
FN:8,(anonymous_0)
FNF:1
FNH:0
FNDA:0,(anonymous_0)
DA:1,3
DA:2,3
DA:3,3
DA:4,3
DA:5,3
DA:8,3
DA:9,0
DA:11,0
DA:12,0
DA:15,0
DA:17,0
DA:18,0
DA:21,0
DA:23,0
DA:24,0
DA:27,0
DA:29,0
DA:32,3
LF:18
LH:7
BRDA:11,0,0,0
BRDA:11,0,1,0
BRDA:17,1,0,0
BRDA:17,1,1,0
BRDA:23,2,0,0
BRDA:23,2,1,0
BRF:6
BRH:0
end_of_record
TN:
SF:/home/mamithi/Projects/NodeJs/vidly/routes/customers.js
FN:6,(anonymous_0)
FN:11,(anonymous_1)
FN:29,(anonymous_2)
FN:37,(anonymous_3)
FN:52,(anonymous_4)
FNF:5
FNH:0
FNDA:0,(anonymous_0)
FNDA:0,(anonymous_1)
FNDA:0,(anonymous_2)
FNDA:0,(anonymous_3)
FNDA:0,(anonymous_4)
DA:1,3
DA:2,3
DA:4,3
DA:6,3
DA:7,0
DA:8,0
DA:11,3
DA:12,0
DA:14,0
DA:15,0
DA:18,0
DA:24,0
DA:26,0
DA:29,3
DA:30,0
DA:32,0
DA:34,0
DA:37,3
DA:38,0
DA:39,0
DA:41,0
DA:45,0
DA:48,0
DA:52,3
DA:53,0
DA:55,0
DA:57,0
DA:60,3
LF:28
LH:9
BRDA:14,0,0,0
BRDA:14,0,1,0
BRDA:32,1,0,0
BRDA:32,1,1,0
BRDA:39,2,0,0
BRDA:39,2,1,0
BRDA:45,3,0,0
BRDA:45,3,1,0
BRDA:55,4,0,0
BRDA:55,4,1,0
BRF:10
BRH:0
end_of_record
TN:
SF:/home/mamithi/Projects/NodeJs/vidly/routes/genres.js
FN:8,(anonymous_0)
FN:13,(anonymous_1)
FN:27,(anonymous_2)
FN:35,(anonymous_3)
FN:48,(anonymous_4)
FNF:5
FNH:5
FNDA:1,(anonymous_0)
FNDA:5,(anonymous_1)
FNDA:2,(anonymous_2)
FNDA:5,(anonymous_3)
FNDA:3,(anonymous_4)
DA:1,3
DA:2,3
DA:3,3
DA:4,3
DA:5,3
DA:6,3
DA:8,3
DA:9,1
DA:10,1
DA:13,3
DA:14,5
DA:16,5
DA:17,2
DA:20,3
DA:22,3
DA:24,3
DA:27,3
DA:28,2
DA:30,2
DA:32,1
DA:35,3
DA:36,5
DA:37,5
DA:39,3
DA:43,3
DA:45,2
DA:48,3
DA:49,3
DA:51,3
DA:53,2
DA:56,3
LF:31
LH:31
BRDA:16,0,0,2
BRDA:16,0,1,3
BRDA:30,1,0,1
BRDA:30,1,1,1
BRDA:37,2,0,2
BRDA:37,2,1,3
BRDA:43,3,0,1
BRDA:43,3,1,2
BRDA:51,4,0,1
BRDA:51,4,1,2
BRF:10
BRH:10
end_of_record
TN:
SF:/home/mamithi/Projects/NodeJs/vidly/routes/home.js
FN:4,(anonymous_0)
FNF:1
FNH:0
FNDA:0,(anonymous_0)
DA:1,3
DA:2,3
DA:4,3
DA:5,0
DA:8,3
LF:5
LH:4
BRF:0
BRH:0
end_of_record
TN:
SF:/home/mamithi/Projects/NodeJs/vidly/routes/movies.js
FN:8,(anonymous_0)
FN:35,(anonymous_1)
FN:43,(anonymous_2)
FN:51,(anonymous_3)
FN:66,(anonymous_4)
FNF:5
FNH:0
FNDA:0,(anonymous_0)
FNDA:0,(anonymous_1)
FNDA:0,(anonymous_2)
FNDA:0,(anonymous_3)
FNDA:0,(anonymous_4)
DA:1,3
DA:2,3
DA:3,3
DA:5,3
DA:6,3
DA:8,3
DA:9,0
DA:11,0
DA:12,0
DA:15,0
DA:17,0
DA:18,0
DA:21,0
DA:30,0
DA:32,0
DA:35,3
DA:36,0
DA:40,0
DA:43,3
DA:44,0
DA:46,0
DA:48,0
DA:51,3
DA:52,0
DA:53,0
DA:55,0
DA:59,0
DA:62,0
DA:66,3
DA:67,0
DA:69,0
DA:71,0
DA:75,3
LF:33
LH:11
BRDA:11,0,0,0
BRDA:11,0,1,0
BRDA:17,1,0,0
BRDA:17,1,1,0
BRDA:46,2,0,0
BRDA:46,2,1,0
BRDA:53,3,0,0
BRDA:53,3,1,0
BRDA:59,4,0,0
BRDA:59,4,1,0
BRDA:69,5,0,0
BRDA:69,5,1,0
BRF:12
BRH:0
end_of_record
TN:
SF:/home/mamithi/Projects/NodeJs/vidly/routes/rentals.js
FN:12,(anonymous_0)
FN:17,(anonymous_1)
FN:56,(anonymous_2)
FNF:3
FNH:0
FNDA:0,(anonymous_0)
FNDA:0,(anonymous_1)
FNDA:0,(anonymous_2)
DA:1,3
DA:2,3
DA:3,3
DA:4,3
DA:5,3
DA:6,3
DA:7,3
DA:8,3
DA:10,3
DA:12,3
DA:13,0
DA:14,0
DA:17,3
DA:18,0
DA:19,0
DA:21,0
DA:22,0
DA:24,0
DA:25,0
DA:27,0
DA:29,0
DA:42,0
DA:43,0
DA:50,0
DA:52,0
DA:56,3
DA:57,0
DA:59,0
DA:61,0
DA:64,3
LF:30
LH:13
BRDA:19,0,0,0
BRDA:19,0,1,0
BRDA:22,1,0,0
BRDA:22,1,1,0
BRDA:25,2,0,0
BRDA:25,2,1,0
BRDA:27,3,0,0
BRDA:27,3,1,0
BRDA:59,4,0,0
BRDA:59,4,1,0
BRF:10
BRH:0
end_of_record
TN:
SF:/home/mamithi/Projects/NodeJs/vidly/routes/returns.js
FN:8,(anonymous_0)
FNF:1
FNH:1
FNDA:5,(anonymous_0)
DA:1,3
DA:2,3
DA:3,3
DA:6,3
DA:8,3
DA:9,5
DA:10,1
DA:13,4
DA:14,1
DA:17,3
DA:22,3
DA:23,1
DA:26,2
DA:27,1
DA:30,1
DA:34,3
LF:16
LH:16
BRDA:9,0,0,1
BRDA:9,0,1,4
BRDA:13,1,0,1
BRDA:13,1,1,3
BRDA:22,2,0,1
BRDA:22,2,1,2
BRDA:26,3,0,1
BRDA:26,3,1,1
BRF:8
BRH:8
end_of_record
TN:
SF:/home/mamithi/Projects/NodeJs/vidly/routes/users.js
FN:9,(anonymous_0)
FN:34,(anonymous_1)
FNF:2
FNH:0
FNDA:0,(anonymous_0)
FNDA:0,(anonymous_1)
DA:1,3
DA:2,3
DA:3,3
DA:4,3
DA:5,3
DA:6,3
DA:9,3
DA:10,0
DA:12,0
DA:13,0
DA:16,0
DA:18,0
DA:19,0
DA:22,0
DA:24,0
DA:25,0
DA:27,0
DA:29,0
DA:31,0
DA:34,3
DA:35,0
DA:38,0
DA:41,3
LF:23
LH:9
BRDA:12,0,0,0
BRDA:12,0,1,0
BRDA:18,1,0,0
BRDA:18,1,1,0
BRF:4
BRH:0
end_of_record
TN:
SF:/home/mamithi/Projects/NodeJs/vidly/startup/config.js
FN:3,(anonymous_0)
FNF:1
FNH:1
FNDA:3,(anonymous_0)
DA:1,3
DA:3,3
DA:4,3
DA:5,0
LF:4
LH:3
BRDA:4,0,0,0
BRDA:4,0,1,3
BRF:2
BRH:1
end_of_record
TN:
SF:/home/mamithi/Projects/NodeJs/vidly/startup/db.js
FN:5,(anonymous_0)
FN:8,(anonymous_1)
FNF:2
FNH:2
FNDA:3,(anonymous_0)
FNDA:3,(anonymous_1)
DA:1,3
DA:2,3
DA:3,3
DA:5,3
DA:6,3
DA:7,3
DA:8,3
LF:7
LH:7
BRF:0
BRH:0
end_of_record
TN:
SF:/home/mamithi/Projects/NodeJs/vidly/startup/logging.js
FN:5,(anonymous_0)
FN:16,(anonymous_1)
FNF:2
FNH:1
FNDA:3,(anonymous_0)
FNDA:0,(anonymous_1)
DA:1,3
DA:3,3
DA:5,3
DA:6,3
DA:16,3
DA:17,0
DA:20,3
LF:7
LH:6
BRF:0
BRH:0
end_of_record
TN:
SF:/home/mamithi/Projects/NodeJs/vidly/startup/routes.js
FN:13,(anonymous_0)
FN:14,(anonymous_1)
FNF:2
FNH:1
FNDA:3,(anonymous_0)
FNDA:0,(anonymous_1)
DA:1,3
DA:3,3
DA:4,3
DA:5,3
DA:6,3
DA:7,3
DA:8,3
DA:9,3
DA:10,3
DA:11,3
DA:13,3
DA:14,3
DA:15,0
DA:16,0
DA:19,3
DA:20,3
DA:21,3
DA:22,3
DA:23,3
DA:24,3
DA:25,3
DA:26,3
DA:27,3
LF:23
LH:21
BRDA:15,0,0,0
BRDA:15,0,1,0
BRDA:15,1,0,0
BRDA:15,1,1,0
BRDA:15,1,2,0
BRF:5
BRH:0
end_of_record
TN:
SF:/home/mamithi/Projects/NodeJs/vidly/startup/validation.js
FN:3,(anonymous_0)
FNF:1
FNH:1
FNDA:3,(anonymous_0)
DA:1,3
DA:3,3
DA:4,3
LF:3
LH:3
BRF:0
BRH:0
end_of_record
